Analysis & Synthesis report for ERV24
Sun Jun  9 00:53:59 2024
Quartus Prime Version 23.1std.0 Build 991 11/28/2023 SC Lite Edition


---------------------
; Table of Contents ;
---------------------
  1. Legal Notice
  2. Analysis & Synthesis Summary
  3. Analysis & Synthesis Settings
  4. Parallel Compilation
  5. Analysis & Synthesis Source Files Read
  6. Analysis & Synthesis Resource Usage Summary
  7. Analysis & Synthesis Resource Utilization by Entity
  8. Analysis & Synthesis RAM Summary
  9. Analysis & Synthesis IP Cores Summary
 10. General Register Statistics
 11. Multiplexer Restructuring Statistics (Restructuring Performed)
 12. Source assignments for DataMemory:inst3|altsyncram:altsyncram_component|altsyncram_evi1:auto_generated
 13. Parameter Settings for User Entity Instance: DataMemory:inst3|altsyncram:altsyncram_component
 14. altsyncram Parameter Settings by Entity Instance
 15. Post-Synthesis Netlist Statistics for Top Partition
 16. Elapsed Time Per Partition
 17. Analysis & Synthesis Messages



----------------
; Legal Notice ;
----------------
Copyright (C) 2023  Intel Corporation. All rights reserved.
Your use of Intel Corporation's design tools, logic functions 
and other software and tools, and any partner logic 
functions, and any output files from any of the foregoing 
(including device programming or simulation files), and any 
associated documentation or information are expressly subject 
to the terms and conditions of the Intel Program License 
Subscription Agreement, the Intel Quartus Prime License Agreement,
the Intel FPGA IP License Agreement, or other applicable license
agreement, including, without limitation, that your use is for
the sole purpose of programming logic devices manufactured by
Intel and sold by Intel or its authorized distributors.  Please
refer to the applicable agreement for further details, at
https://fpgasoftware.intel.com/eula.



+-------------------------------------------------------------------------------------+
; Analysis & Synthesis Summary                                                        ;
+------------------------------------+------------------------------------------------+
; Analysis & Synthesis Status        ; Successful - Sun Jun  9 00:53:59 2024          ;
; Quartus Prime Version              ; 23.1std.0 Build 991 11/28/2023 SC Lite Edition ;
; Revision Name                      ; ERV24                                          ;
; Top-level Entity Name              ; dataMem_test                                   ;
; Family                             ; Cyclone IV E                                   ;
; Total logic elements               ; 226                                            ;
;     Total combinational functions  ; 226                                            ;
;     Dedicated logic registers      ; 0                                              ;
; Total registers                    ; 0                                              ;
; Total pins                         ; 134                                            ;
; Total virtual pins                 ; 0                                              ;
; Total memory bits                  ; 262,144                                        ;
; Embedded Multiplier 9-bit elements ; 0                                              ;
; Total PLLs                         ; 0                                              ;
+------------------------------------+------------------------------------------------+


+------------------------------------------------------------------------------------------------------------+
; Analysis & Synthesis Settings                                                                              ;
+------------------------------------------------------------------+--------------------+--------------------+
; Option                                                           ; Setting            ; Default Value      ;
+------------------------------------------------------------------+--------------------+--------------------+
; Device                                                           ; EP4CE22F17C6       ;                    ;
; Top-level entity name                                            ; dataMem_test       ; ERV24              ;
; Family name                                                      ; Cyclone IV E       ; Cyclone V          ;
; Use smart compilation                                            ; Off                ; Off                ;
; Enable parallel Assembler and Timing Analyzer during compilation ; On                 ; On                 ;
; Enable compact report table                                      ; Off                ; Off                ;
; Restructure Multiplexers                                         ; Auto               ; Auto               ;
; Create Debugging Nodes for IP Cores                              ; Off                ; Off                ;
; Preserve fewer node names                                        ; On                 ; On                 ;
; Intel FPGA IP Evaluation Mode                                    ; Enable             ; Enable             ;
; Verilog Version                                                  ; Verilog_2001       ; Verilog_2001       ;
; VHDL Version                                                     ; VHDL_1993          ; VHDL_1993          ;
; State Machine Processing                                         ; Auto               ; Auto               ;
; Safe State Machine                                               ; Off                ; Off                ;
; Extract Verilog State Machines                                   ; On                 ; On                 ;
; Extract VHDL State Machines                                      ; On                 ; On                 ;
; Ignore Verilog initial constructs                                ; Off                ; Off                ;
; Iteration limit for constant Verilog loops                       ; 5000               ; 5000               ;
; Iteration limit for non-constant Verilog loops                   ; 250                ; 250                ;
; Add Pass-Through Logic to Inferred RAMs                          ; On                 ; On                 ;
; Infer RAMs from Raw Logic                                        ; On                 ; On                 ;
; Parallel Synthesis                                               ; On                 ; On                 ;
; DSP Block Balancing                                              ; Auto               ; Auto               ;
; NOT Gate Push-Back                                               ; On                 ; On                 ;
; Power-Up Don't Care                                              ; On                 ; On                 ;
; Remove Redundant Logic Cells                                     ; Off                ; Off                ;
; Remove Duplicate Registers                                       ; On                 ; On                 ;
; Ignore CARRY Buffers                                             ; Off                ; Off                ;
; Ignore CASCADE Buffers                                           ; Off                ; Off                ;
; Ignore GLOBAL Buffers                                            ; Off                ; Off                ;
; Ignore ROW GLOBAL Buffers                                        ; Off                ; Off                ;
; Ignore LCELL Buffers                                             ; Off                ; Off                ;
; Ignore SOFT Buffers                                              ; On                 ; On                 ;
; Limit AHDL Integers to 32 Bits                                   ; Off                ; Off                ;
; Optimization Technique                                           ; Balanced           ; Balanced           ;
; Carry Chain Length                                               ; 70                 ; 70                 ;
; Auto Carry Chains                                                ; On                 ; On                 ;
; Auto Open-Drain Pins                                             ; On                 ; On                 ;
; Perform WYSIWYG Primitive Resynthesis                            ; Off                ; Off                ;
; Auto ROM Replacement                                             ; On                 ; On                 ;
; Auto RAM Replacement                                             ; On                 ; On                 ;
; Auto DSP Block Replacement                                       ; On                 ; On                 ;
; Auto Shift Register Replacement                                  ; Auto               ; Auto               ;
; Allow Shift Register Merging across Hierarchies                  ; Auto               ; Auto               ;
; Auto Clock Enable Replacement                                    ; On                 ; On                 ;
; Strict RAM Replacement                                           ; Off                ; Off                ;
; Allow Synchronous Control Signals                                ; On                 ; On                 ;
; Force Use of Synchronous Clear Signals                           ; Off                ; Off                ;
; Auto RAM Block Balancing                                         ; On                 ; On                 ;
; Auto RAM to Logic Cell Conversion                                ; Off                ; Off                ;
; Auto Resource Sharing                                            ; Off                ; Off                ;
; Allow Any RAM Size For Recognition                               ; Off                ; Off                ;
; Allow Any ROM Size For Recognition                               ; Off                ; Off                ;
; Allow Any Shift Register Size For Recognition                    ; Off                ; Off                ;
; Use LogicLock Constraints during Resource Balancing              ; On                 ; On                 ;
; Ignore translate_off and synthesis_off directives                ; Off                ; Off                ;
; Timing-Driven Synthesis                                          ; On                 ; On                 ;
; Report Parameter Settings                                        ; On                 ; On                 ;
; Report Source Assignments                                        ; On                 ; On                 ;
; Report Connectivity Checks                                       ; On                 ; On                 ;
; Ignore Maximum Fan-Out Assignments                               ; Off                ; Off                ;
; Synchronization Register Chain Length                            ; 2                  ; 2                  ;
; Power Optimization During Synthesis                              ; Normal compilation ; Normal compilation ;
; HDL message level                                                ; Level2             ; Level2             ;
; Suppress Register Optimization Related Messages                  ; Off                ; Off                ;
; Number of Removed Registers Reported in Synthesis Report         ; 5000               ; 5000               ;
; Number of Swept Nodes Reported in Synthesis Report               ; 5000               ; 5000               ;
; Number of Inverted Registers Reported in Synthesis Report        ; 100                ; 100                ;
; Clock MUX Protection                                             ; On                 ; On                 ;
; Auto Gated Clock Conversion                                      ; Off                ; Off                ;
; Block Design Naming                                              ; Auto               ; Auto               ;
; SDC constraint protection                                        ; Off                ; Off                ;
; Synthesis Effort                                                 ; Auto               ; Auto               ;
; Shift Register Replacement - Allow Asynchronous Clear Signal     ; On                 ; On                 ;
; Pre-Mapping Resynthesis Optimization                             ; Off                ; Off                ;
; Analysis & Synthesis Message Level                               ; Medium             ; Medium             ;
; Disable Register Merging Across Hierarchies                      ; Auto               ; Auto               ;
; Resource Aware Inference For Block RAM                           ; On                 ; On                 ;
+------------------------------------------------------------------+--------------------+--------------------+


+------------------------------------------+
; Parallel Compilation                     ;
+----------------------------+-------------+
; Processors                 ; Number      ;
+----------------------------+-------------+
; Number detected on machine ; 8           ;
; Maximum allowed            ; 8           ;
;                            ;             ;
; Average used               ; 1.00        ;
; Maximum used               ; 1           ;
;                            ;             ;
; Usage by Processor         ; % Time Used ;
;     Processor 1            ; 100.0%      ;
+----------------------------+-------------+


+------------------------------------------------------------------------------------------------------------------------------------------------------------------------------------------------+
; Analysis & Synthesis Source Files Read                                                                                                                                                         ;
+----------------------------------------+-----------------+------------------------------------+--------------------------------------------------------------------------------------+---------+
; File Name with User-Entered Path       ; Used in Netlist ; File Type                          ; File Name with Absolute Path                                                         ; Library ;
+----------------------------------------+-----------------+------------------------------------+--------------------------------------------------------------------------------------+---------+
; utils/DataMemory.v                     ; yes             ; User Wizard-Generated File         ; /home/aheir/Documents/alheir/E5-ERV24/project/utils/DataMemory.v                     ;         ;
; memory_mutator/memory_mutator_IDA.v    ; yes             ; User Verilog HDL File              ; /home/aheir/Documents/alheir/E5-ERV24/project/memory_mutator/memory_mutator_IDA.v    ;         ;
; memory_mutator/memory_mutator_VUELTA.v ; yes             ; User Verilog HDL File              ; /home/aheir/Documents/alheir/E5-ERV24/project/memory_mutator/memory_mutator_VUELTA.v ;         ;
; memory_mutator/dataMem_test.bdf        ; yes             ; User Block Diagram/Schematic File  ; /home/aheir/Documents/alheir/E5-ERV24/project/memory_mutator/dataMem_test.bdf        ;         ;
; altsyncram.tdf                         ; yes             ; Megafunction                       ; /opt/intelFPGA/23.1/quartus/libraries/megafunctions/altsyncram.tdf                   ;         ;
; stratix_ram_block.inc                  ; yes             ; Megafunction                       ; /opt/intelFPGA/23.1/quartus/libraries/megafunctions/stratix_ram_block.inc            ;         ;
; lpm_mux.inc                            ; yes             ; Megafunction                       ; /opt/intelFPGA/23.1/quartus/libraries/megafunctions/lpm_mux.inc                      ;         ;
; lpm_decode.inc                         ; yes             ; Megafunction                       ; /opt/intelFPGA/23.1/quartus/libraries/megafunctions/lpm_decode.inc                   ;         ;
; aglobal231.inc                         ; yes             ; Megafunction                       ; /opt/intelFPGA/23.1/quartus/libraries/megafunctions/aglobal231.inc                   ;         ;
; a_rdenreg.inc                          ; yes             ; Megafunction                       ; /opt/intelFPGA/23.1/quartus/libraries/megafunctions/a_rdenreg.inc                    ;         ;
; altrom.inc                             ; yes             ; Megafunction                       ; /opt/intelFPGA/23.1/quartus/libraries/megafunctions/altrom.inc                       ;         ;
; altram.inc                             ; yes             ; Megafunction                       ; /opt/intelFPGA/23.1/quartus/libraries/megafunctions/altram.inc                       ;         ;
; altdpram.inc                           ; yes             ; Megafunction                       ; /opt/intelFPGA/23.1/quartus/libraries/megafunctions/altdpram.inc                     ;         ;
; db/altsyncram_evi1.tdf                 ; yes             ; Auto-Generated Megafunction        ; /home/aheir/Documents/alheir/E5-ERV24/project/db/altsyncram_evi1.tdf                 ;         ;
+----------------------------------------+-----------------+------------------------------------+--------------------------------------------------------------------------------------+---------+


+--------------------------------------------------------+
; Analysis & Synthesis Resource Usage Summary            ;
+---------------------------------------------+----------+
; Resource                                    ; Usage    ;
+---------------------------------------------+----------+
; Estimated Total logic elements              ; 226      ;
;                                             ;          ;
; Total combinational functions               ; 226      ;
; Logic element usage by number of LUT inputs ;          ;
;     -- 4 input functions                    ; 185      ;
;     -- 3 input functions                    ; 20       ;
;     -- <=2 input functions                  ; 21       ;
;                                             ;          ;
; Logic elements by mode                      ;          ;
;     -- normal mode                          ; 226      ;
;     -- arithmetic mode                      ; 0        ;
;                                             ;          ;
; Total registers                             ; 0        ;
;     -- Dedicated logic registers            ; 0        ;
;     -- I/O registers                        ; 0        ;
;                                             ;          ;
; I/O pins                                    ; 134      ;
; Total memory bits                           ; 262144   ;
;                                             ;          ;
; Embedded Multiplier 9-bit elements          ; 0        ;
;                                             ;          ;
; Maximum fan-out node                        ; rw~input ;
; Maximum fan-out                             ; 75       ;
; Total fan-out                               ; 1550     ;
; Average fan-out                             ; 2.95     ;
+---------------------------------------------+----------+


+-------------------------------------------------------------------------------------------------------------------------------------------------------------------------------------------------------------------------------------------------------------------------------------------------------------+
; Analysis & Synthesis Resource Utilization by Entity                                                                                                                                                                                                                                                         ;
+-------------------------------------------+---------------------+---------------------------+-------------+--------------+---------+-----------+------+--------------+-----------------------------------------------------------------------------------------------+-----------------------+--------------+
; Compilation Hierarchy Node                ; Combinational ALUTs ; Dedicated Logic Registers ; Memory Bits ; DSP Elements ; DSP 9x9 ; DSP 18x18 ; Pins ; Virtual Pins ; Full Hierarchy Name                                                                           ; Entity Name           ; Library Name ;
+-------------------------------------------+---------------------+---------------------------+-------------+--------------+---------+-----------+------+--------------+-----------------------------------------------------------------------------------------------+-----------------------+--------------+
; |dataMem_test                             ; 226 (2)             ; 0 (0)                     ; 262144      ; 0            ; 0       ; 0         ; 134  ; 0            ; |dataMem_test                                                                                 ; dataMem_test          ; work         ;
;    |DataMemory:inst3|                     ; 0 (0)               ; 0 (0)                     ; 262144      ; 0            ; 0       ; 0         ; 0    ; 0            ; |dataMem_test|DataMemory:inst3                                                                ; DataMemory            ; work         ;
;       |altsyncram:altsyncram_component|   ; 0 (0)               ; 0 (0)                     ; 262144      ; 0            ; 0       ; 0         ; 0    ; 0            ; |dataMem_test|DataMemory:inst3|altsyncram:altsyncram_component                                ; altsyncram            ; work         ;
;          |altsyncram_evi1:auto_generated| ; 0 (0)               ; 0 (0)                     ; 262144      ; 0            ; 0       ; 0         ; 0    ; 0            ; |dataMem_test|DataMemory:inst3|altsyncram:altsyncram_component|altsyncram_evi1:auto_generated ; altsyncram_evi1       ; work         ;
;    |memory_mutator_IDA:inst|              ; 115 (115)           ; 0 (0)                     ; 0           ; 0            ; 0       ; 0         ; 0    ; 0            ; |dataMem_test|memory_mutator_IDA:inst                                                         ; memory_mutator_IDA    ; work         ;
;    |memory_mutator_VUELTA:inst2|          ; 109 (109)           ; 0 (0)                     ; 0           ; 0            ; 0       ; 0         ; 0    ; 0            ; |dataMem_test|memory_mutator_VUELTA:inst2                                                     ; memory_mutator_VUELTA ; work         ;
+-------------------------------------------+---------------------+---------------------------+-------------+--------------+---------+-----------+------+--------------+-----------------------------------------------------------------------------------------------+-----------------------+--------------+
Note: For table entries with two numbers listed, the numbers in parentheses indicate the number of resources of the given type used by the specific entity alone. The numbers listed outside of parentheses indicate the total resources of the given type used by the specific entity and all of its sub-entities in the hierarchy.


+---------------------------------------------------------------------------------------------------------------------------------------------------------------------------------------------+
; Analysis & Synthesis RAM Summary                                                                                                                                                            ;
+--------------------------------------------------------------------------------------------+------+-------------+--------------+--------------+--------------+--------------+--------+------+
; Name                                                                                       ; Type ; Mode        ; Port A Depth ; Port A Width ; Port B Depth ; Port B Width ; Size   ; MIF  ;
+--------------------------------------------------------------------------------------------+------+-------------+--------------+--------------+--------------+--------------+--------+------+
; DataMemory:inst3|altsyncram:altsyncram_component|altsyncram_evi1:auto_generated|ALTSYNCRAM ; AUTO ; Single Port ; 8192         ; 32           ; --           ; --           ; 262144 ; None ;
+--------------------------------------------------------------------------------------------+------+-------------+--------------+--------------+--------------+--------------+--------+------+


+---------------------------------------------------------------------------------------------------------------------+
; Analysis & Synthesis IP Cores Summary                                                                               ;
+--------+--------------+---------+--------------+--------------+--------------------------------+--------------------+
; Vendor ; IP Core Name ; Version ; Release Date ; License Type ; Entity Instance                ; IP Include File    ;
+--------+--------------+---------+--------------+--------------+--------------------------------+--------------------+
; Altera ; RAM: 1-PORT  ; 23.1    ; N/A          ; N/A          ; |dataMem_test|DataMemory:inst3 ; utils/DataMemory.v ;
+--------+--------------+---------+--------------+--------------+--------------------------------+--------------------+


+------------------------------------------------------+
; General Register Statistics                          ;
+----------------------------------------------+-------+
; Statistic                                    ; Value ;
+----------------------------------------------+-------+
; Total registers                              ; 0     ;
; Number of registers using Synchronous Clear  ; 0     ;
; Number of registers using Synchronous Load   ; 0     ;
; Number of registers using Asynchronous Clear ; 0     ;
; Number of registers using Asynchronous Load  ; 0     ;
; Number of registers using Clock Enable       ; 0     ;
; Number of registers using Preset             ; 0     ;
+----------------------------------------------+-------+


+---------------------------------------------------------------------------------------------------------------------------------------------------------------------------+
; Multiplexer Restructuring Statistics (Restructuring Performed)                                                                                                            ;
+--------------------+-----------+---------------+----------------------+------------------------+------------+-------------------------------------------------------------+
; Multiplexer Inputs ; Bus Width ; Baseline Area ; Area if Restructured ; Saving if Restructured ; Registered ; Example Multiplexer Output                                  ;
+--------------------+-----------+---------------+----------------------+------------------------+------------+-------------------------------------------------------------+
; 4:1                ; 2 bits    ; 4 LEs         ; 4 LEs                ; 0 LEs                  ; No         ; |dataMem_test|memory_mutator_IDA:inst|Mux16                 ;
; 3:1                ; 8 bits    ; 16 LEs        ; 8 LEs                ; 8 LEs                  ; No         ; |dataMem_test|memory_mutator_VUELTA:inst2|Mux13             ;
; 3:1                ; 8 bits    ; 16 LEs        ; 8 LEs                ; 8 LEs                  ; No         ; |dataMem_test|memory_mutator_IDA:inst|Mux21                 ;
; 5:1                ; 16 bits   ; 48 LEs        ; 48 LEs               ; 0 LEs                  ; No         ; |dataMem_test|memory_mutator_VUELTA:inst2|adjusted_data[30] ;
; 7:1                ; 8 bits    ; 32 LEs        ; 24 LEs               ; 8 LEs                  ; No         ; |dataMem_test|memory_mutator_IDA:inst|Mux28                 ;
; 7:1                ; 8 bits    ; 32 LEs        ; 16 LEs               ; 16 LEs                 ; No         ; |dataMem_test|memory_mutator_IDA:inst|Mux49                 ;
; 8:1                ; 8 bits    ; 40 LEs        ; 32 LEs               ; 8 LEs                  ; No         ; |dataMem_test|memory_mutator_IDA:inst|Mux29                 ;
; 8:1                ; 8 bits    ; 40 LEs        ; 32 LEs               ; 8 LEs                  ; No         ; |dataMem_test|memory_mutator_IDA:inst|Mux44                 ;
; 11:1               ; 8 bits    ; 56 LEs        ; 32 LEs               ; 24 LEs                 ; No         ; |dataMem_test|memory_mutator_VUELTA:inst2|adjusted_data[15] ;
; 15:1               ; 8 bits    ; 80 LEs        ; 40 LEs               ; 40 LEs                 ; No         ; |dataMem_test|memory_mutator_VUELTA:inst2|adjusted_data[7]  ;
+--------------------+-----------+---------------+----------------------+------------------------+------------+-------------------------------------------------------------+


+--------------------------------------------------------------------------------------------------------+
; Source assignments for DataMemory:inst3|altsyncram:altsyncram_component|altsyncram_evi1:auto_generated ;
+---------------------------------+--------------------+------+------------------------------------------+
; Assignment                      ; Value              ; From ; To                                       ;
+---------------------------------+--------------------+------+------------------------------------------+
; OPTIMIZE_POWER_DURING_SYNTHESIS ; NORMAL_COMPILATION ; -    ; -                                        ;
+---------------------------------+--------------------+------+------------------------------------------+


+-----------------------------------------------------------------------------------------------+
; Parameter Settings for User Entity Instance: DataMemory:inst3|altsyncram:altsyncram_component ;
+------------------------------------+----------------------+-----------------------------------+
; Parameter Name                     ; Value                ; Type                              ;
+------------------------------------+----------------------+-----------------------------------+
; BYTE_SIZE_BLOCK                    ; 8                    ; Untyped                           ;
; AUTO_CARRY_CHAINS                  ; ON                   ; AUTO_CARRY                        ;
; IGNORE_CARRY_BUFFERS               ; OFF                  ; IGNORE_CARRY                      ;
; AUTO_CASCADE_CHAINS                ; ON                   ; AUTO_CASCADE                      ;
; IGNORE_CASCADE_BUFFERS             ; OFF                  ; IGNORE_CASCADE                    ;
; WIDTH_BYTEENA                      ; 1                    ; Untyped                           ;
; OPERATION_MODE                     ; SINGLE_PORT          ; Untyped                           ;
; WIDTH_A                            ; 32                   ; Signed Integer                    ;
; WIDTHAD_A                          ; 13                   ; Signed Integer                    ;
; NUMWORDS_A                         ; 8192                 ; Signed Integer                    ;
; OUTDATA_REG_A                      ; UNREGISTERED         ; Untyped                           ;
; ADDRESS_ACLR_A                     ; NONE                 ; Untyped                           ;
; OUTDATA_ACLR_A                     ; NONE                 ; Untyped                           ;
; WRCONTROL_ACLR_A                   ; NONE                 ; Untyped                           ;
; INDATA_ACLR_A                      ; NONE                 ; Untyped                           ;
; BYTEENA_ACLR_A                     ; NONE                 ; Untyped                           ;
; WIDTH_B                            ; 1                    ; Untyped                           ;
; WIDTHAD_B                          ; 1                    ; Untyped                           ;
; NUMWORDS_B                         ; 1                    ; Untyped                           ;
; INDATA_REG_B                       ; CLOCK1               ; Untyped                           ;
; WRCONTROL_WRADDRESS_REG_B          ; CLOCK1               ; Untyped                           ;
; RDCONTROL_REG_B                    ; CLOCK1               ; Untyped                           ;
; ADDRESS_REG_B                      ; CLOCK1               ; Untyped                           ;
; OUTDATA_REG_B                      ; UNREGISTERED         ; Untyped                           ;
; BYTEENA_REG_B                      ; CLOCK1               ; Untyped                           ;
; INDATA_ACLR_B                      ; NONE                 ; Untyped                           ;
; WRCONTROL_ACLR_B                   ; NONE                 ; Untyped                           ;
; ADDRESS_ACLR_B                     ; NONE                 ; Untyped                           ;
; OUTDATA_ACLR_B                     ; NONE                 ; Untyped                           ;
; RDCONTROL_ACLR_B                   ; NONE                 ; Untyped                           ;
; BYTEENA_ACLR_B                     ; NONE                 ; Untyped                           ;
; WIDTH_BYTEENA_A                    ; 4                    ; Signed Integer                    ;
; WIDTH_BYTEENA_B                    ; 1                    ; Untyped                           ;
; RAM_BLOCK_TYPE                     ; AUTO                 ; Untyped                           ;
; BYTE_SIZE                          ; 8                    ; Signed Integer                    ;
; READ_DURING_WRITE_MODE_MIXED_PORTS ; DONT_CARE            ; Untyped                           ;
; READ_DURING_WRITE_MODE_PORT_A      ; NEW_DATA_NO_NBE_READ ; Untyped                           ;
; READ_DURING_WRITE_MODE_PORT_B      ; NEW_DATA_NO_NBE_READ ; Untyped                           ;
; INIT_FILE                          ; UNUSED               ; Untyped                           ;
; INIT_FILE_LAYOUT                   ; PORT_A               ; Untyped                           ;
; MAXIMUM_DEPTH                      ; 0                    ; Untyped                           ;
; CLOCK_ENABLE_INPUT_A               ; BYPASS               ; Untyped                           ;
; CLOCK_ENABLE_INPUT_B               ; NORMAL               ; Untyped                           ;
; CLOCK_ENABLE_OUTPUT_A              ; BYPASS               ; Untyped                           ;
; CLOCK_ENABLE_OUTPUT_B              ; NORMAL               ; Untyped                           ;
; CLOCK_ENABLE_CORE_A                ; USE_INPUT_CLKEN      ; Untyped                           ;
; CLOCK_ENABLE_CORE_B                ; USE_INPUT_CLKEN      ; Untyped                           ;
; ENABLE_ECC                         ; FALSE                ; Untyped                           ;
; ECC_PIPELINE_STAGE_ENABLED         ; FALSE                ; Untyped                           ;
; WIDTH_ECCSTATUS                    ; 3                    ; Untyped                           ;
; DEVICE_FAMILY                      ; Cyclone IV E         ; Untyped                           ;
; CBXI_PARAMETER                     ; altsyncram_evi1      ; Untyped                           ;
+------------------------------------+----------------------+-----------------------------------+
Note: In order to hide this table in the UI and the text report file, please set the "Show Parameter Settings in Synthesis Report" option in "Analysis and Synthesis Settings -> More Settings" to "Off".


+----------------------------------------------------------------------------------------------+
; altsyncram Parameter Settings by Entity Instance                                             ;
+-------------------------------------------+--------------------------------------------------+
; Name                                      ; Value                                            ;
+-------------------------------------------+--------------------------------------------------+
; Number of entity instances                ; 1                                                ;
; Entity Instance                           ; DataMemory:inst3|altsyncram:altsyncram_component ;
;     -- OPERATION_MODE                     ; SINGLE_PORT                                      ;
;     -- WIDTH_A                            ; 32                                               ;
;     -- NUMWORDS_A                         ; 8192                                             ;
;     -- OUTDATA_REG_A                      ; UNREGISTERED                                     ;
;     -- WIDTH_B                            ; 1                                                ;
;     -- NUMWORDS_B                         ; 1                                                ;
;     -- ADDRESS_REG_B                      ; CLOCK1                                           ;
;     -- OUTDATA_REG_B                      ; UNREGISTERED                                     ;
;     -- RAM_BLOCK_TYPE                     ; AUTO                                             ;
;     -- READ_DURING_WRITE_MODE_MIXED_PORTS ; DONT_CARE                                        ;
+-------------------------------------------+--------------------------------------------------+


+-----------------------------------------------------+
; Post-Synthesis Netlist Statistics for Top Partition ;
+-----------------------+-----------------------------+
; Type                  ; Count                       ;
+-----------------------+-----------------------------+
; boundary_port         ; 134                         ;
; cycloneiii_lcell_comb ; 226                         ;
;     normal            ; 226                         ;
;         0 data inputs ; 1                           ;
;         2 data inputs ; 20                          ;
;         3 data inputs ; 20                          ;
;         4 data inputs ; 185                         ;
; cycloneiii_ram_block  ; 32                          ;
;                       ;                             ;
; Max LUT depth         ; 5.00                        ;
; Average LUT depth     ; 3.73                        ;
+-----------------------+-----------------------------+


+-------------------------------+
; Elapsed Time Per Partition    ;
+----------------+--------------+
; Partition Name ; Elapsed Time ;
+----------------+--------------+
; Top            ; 00:00:00     ;
+----------------+--------------+


+-------------------------------+
; Analysis & Synthesis Messages ;
+-------------------------------+
Info: *******************************************************************
Info: Running Quartus Prime Analysis & Synthesis
    Info: Version 23.1std.0 Build 991 11/28/2023 SC Lite Edition
    Info: Processing started: Sun Jun  9 00:53:48 2024
Info: Command: quartus_map --read_settings_files=on --write_settings_files=off ERV24 -c ERV24
Warning (18236): Number of processors has not been specified which may cause overloading on shared machines.  Set the global assignment NUM_PARALLEL_PROCESSORS in your QSF to an appropriate value for best performance.
Info (20030): Parallel compilation is enabled and will use 8 of the 8 processors detected
Info (12021): Found 1 design units, including 1 entities, in source file utils/DataMemory.v
    Info (12023): Found entity 1: DataMemory File: /home/aheir/Documents/alheir/E5-ERV24/project/utils/DataMemory.v Line: 40
Info (12021): Found 1 design units, including 1 entities, in source file ERV24-nopipe.bdf
    Info (12023): Found entity 1: ERV24-nopipe
Info (12021): Found 2 design units, including 1 entities, in source file alu/alu.vhd
    Info (12022): Found design unit 1: alu-behavioral File: /home/aheir/Documents/alheir/E5-ERV24/project/alu/alu.vhd Line: 20
    Info (12023): Found entity 1: alu File: /home/aheir/Documents/alheir/E5-ERV24/project/alu/alu.vhd Line: 5
Info (12021): Found 1 design units, including 1 entities, in source file regbank/regMux.v
    Info (12023): Found entity 1: regMux File: /home/aheir/Documents/alheir/E5-ERV24/project/regbank/regMux.v Line: 40
Info (12021): Found 1 design units, including 1 entities, in source file regbank/regbank.bdf
    Info (12023): Found entity 1: regbank
Info (12021): Found 1 design units, including 1 entities, in source file regbank/dec_5_32.v
    Info (12023): Found entity 1: dec_5_32 File: /home/aheir/Documents/alheir/E5-ERV24/project/regbank/dec_5_32.v Line: 40
Info (12021): Found 1 design units, including 1 entities, in source file utils/ProgramMemory.v
    Info (12023): Found entity 1: ProgramMemory File: /home/aheir/Documents/alheir/E5-ERV24/project/utils/ProgramMemory.v Line: 40
Info (12021): Found 1 design units, including 1 entities, in source file utils/reg32.v
    Info (12023): Found entity 1: reg32 File: /home/aheir/Documents/alheir/E5-ERV24/project/utils/reg32.v Line: 1
Info (12021): Found 1 design units, including 1 entities, in source file instruction_parsing/imm_builder.v
    Info (12023): Found entity 1: imm_builder File: /home/aheir/Documents/alheir/E5-ERV24/project/instruction_parsing/imm_builder.v Line: 2
Info (12021): Found 1 design units, including 1 entities, in source file instruction_parsing/decoder.v
    Info (12023): Found entity 1: decoder File: /home/aheir/Documents/alheir/E5-ERV24/project/instruction_parsing/decoder.v Line: 1
Info (12021): Found 1 design units, including 1 entities, in source file ifu/IFU.bdf
    Info (12023): Found entity 1: IFU
Info (12021): Found 1 design units, including 1 entities, in source file ifu/fetch.v
    Info (12023): Found entity 1: fetch File: /home/aheir/Documents/alheir/E5-ERV24/project/ifu/fetch.v Line: 1
Info (12021): Found 1 design units, including 1 entities, in source file memory_mapping/MemoryPeriphMux.v
    Info (12023): Found entity 1: MemoryPeriphMux File: /home/aheir/Documents/alheir/E5-ERV24/project/memory_mapping/MemoryPeriphMux.v Line: 40
Info (12021): Found 1 design units, including 1 entities, in source file ERV24.bdf
    Info (12023): Found entity 1: ERV24
Info (12021): Found 1 design units, including 1 entities, in source file custom_peripherals/GPIO/GPIO.v
    Info (12023): Found entity 1: GPIO File: /home/aheir/Documents/alheir/E5-ERV24/project/custom_peripherals/GPIO/GPIO.v Line: 1
Info (12021): Found 1 design units, including 1 entities, in source file core/CSRCounters.v
    Info (12023): Found entity 1: CSRCounters File: /home/aheir/Documents/alheir/E5-ERV24/project/core/CSRCounters.v Line: 40
Info (12021): Found 1 design units, including 1 entities, in source file memory_mapping/GPIO_address_decoder.v
    Info (12023): Found entity 1: GPIO_address_decoder File: /home/aheir/Documents/alheir/E5-ERV24/project/memory_mapping/GPIO_address_decoder.v Line: 40
Info (12021): Found 1 design units, including 1 entities, in source file memory_mapping/peripheral_addr_dec.v
    Info (12023): Found entity 1: peripheral_addr_dec File: /home/aheir/Documents/alheir/E5-ERV24/project/memory_mapping/peripheral_addr_dec.v Line: 40
Info (12021): Found 1 design units, including 1 entities, in source file memory_mapping/PeripheralAdressMatcher.v
    Info (12023): Found entity 1: PeripheralAddressMatcher File: /home/aheir/Documents/alheir/E5-ERV24/project/memory_mapping/PeripheralAdressMatcher.v Line: 1
Info (12021): Found 1 design units, including 1 entities, in source file memory_mapping/peripheral_mux.v
    Info (12023): Found entity 1: peripheral_mux File: /home/aheir/Documents/alheir/E5-ERV24/project/memory_mapping/peripheral_mux.v Line: 40
Info (12021): Found 1 design units, including 1 entities, in source file memory_mutator/memory_mutator.v
    Info (12023): Found entity 1: memory_mutator File: /home/aheir/Documents/alheir/E5-ERV24/project/memory_mutator/memory_mutator.v Line: 1
Info (12021): Found 1 design units, including 1 entities, in source file utils/bus_mux.v
    Info (12023): Found entity 1: bus_mux File: /home/aheir/Documents/alheir/E5-ERV24/project/utils/bus_mux.v Line: 40
Info (12021): Found 1 design units, including 1 entities, in source file peripheral_and_memory_block_no borrar por favore.bdf
    Info (12023): Found entity 1: peripheral_and_memory_block_no borrar por favore
Info (12021): Found 1 design units, including 1 entities, in source file pipeline/decode_imm_stage_latch.v
    Info (12023): Found entity 1: decode_imm_stage_latch File: /home/aheir/Documents/alheir/E5-ERV24/project/pipeline/decode_imm_stage_latch.v Line: 1
Info (12021): Found 1 design units, including 1 entities, in source file pipeline/op_read_stage_latch.v
    Info (12023): Found entity 1: op_read_stage_latch File: /home/aheir/Documents/alheir/E5-ERV24/project/pipeline/op_read_stage_latch.v Line: 1
Info (12021): Found 1 design units, including 1 entities, in source file pipeline/alu_stage_latch.v
    Info (12023): Found entity 1: alu_stage_latch File: /home/aheir/Documents/alheir/E5-ERV24/project/pipeline/alu_stage_latch.v Line: 1
Info (12021): Found 1 design units, including 1 entities, in source file pipeline/pipeline_halt_control.v
    Info (12023): Found entity 1: pipeline_halt_control File: /home/aheir/Documents/alheir/E5-ERV24/project/pipeline/pipeline_halt_control.v Line: 1
Info (12021): Found 1 design units, including 1 entities, in source file utils/sum_2x32b.v
    Info (12023): Found entity 1: sum_2x32b File: /home/aheir/Documents/alheir/E5-ERV24/project/utils/sum_2x32b.v Line: 40
Info (12021): Found 1 design units, including 1 entities, in source file utils/bit_scatterer.v
    Info (12023): Found entity 1: bit_scatterer File: /home/aheir/Documents/alheir/E5-ERV24/project/utils/bit_scatterer.v Line: 1
Info (12021): Found 1 design units, including 1 entities, in source file jump_control/jmp_ctrl.v
    Info (12023): Found entity 1: jmp_ctrl File: /home/aheir/Documents/alheir/E5-ERV24/project/jump_control/jmp_ctrl.v Line: 1
Info (12021): Found 1 design units, including 1 entities, in source file clocking/pll_50_1.v
    Info (12023): Found entity 1: pll_50_1 File: /home/aheir/Documents/alheir/E5-ERV24/project/clocking/pll_50_1.v Line: 40
Info (12021): Found 1 design units, including 1 entities, in source file memory_mutator/memory_mutator_IDA.v
    Info (12023): Found entity 1: memory_mutator_IDA File: /home/aheir/Documents/alheir/E5-ERV24/project/memory_mutator/memory_mutator_IDA.v Line: 1
Info (12021): Found 1 design units, including 1 entities, in source file memory_mutator/memory_mutator_VUELTA.v
    Info (12023): Found entity 1: memory_mutator_VUELTA File: /home/aheir/Documents/alheir/E5-ERV24/project/memory_mutator/memory_mutator_VUELTA.v Line: 1
Info (12021): Found 1 design units, including 1 entities, in source file memory_mutator/IDA_test.bdf
    Info (12023): Found entity 1: IDA_test
Info (12021): Found 1 design units, including 1 entities, in source file memory_mutator/VUELTA_test.bdf
    Info (12023): Found entity 1: VUELTA_test
Info (12021): Found 1 design units, including 1 entities, in source file memory_mutator/dataMem_test.bdf
    Info (12023): Found entity 1: dataMem_test
Info (12127): Elaborating entity "dataMem_test" for the top level hierarchy
Info (12128): Elaborating entity "DataMemory" for hierarchy "DataMemory:inst3"
Info (12128): Elaborating entity "altsyncram" for hierarchy "DataMemory:inst3|altsyncram:altsyncram_component" File: /home/aheir/Documents/alheir/E5-ERV24/project/utils/DataMemory.v Line: 92
Info (12130): Elaborated megafunction instantiation "DataMemory:inst3|altsyncram:altsyncram_component" File: /home/aheir/Documents/alheir/E5-ERV24/project/utils/DataMemory.v Line: 92
Info (12133): Instantiated megafunction "DataMemory:inst3|altsyncram:altsyncram_component" with the following parameter: File: /home/aheir/Documents/alheir/E5-ERV24/project/utils/DataMemory.v Line: 92
    Info (12134): Parameter "byte_size" = "8"
    Info (12134): Parameter "clock_enable_input_a" = "BYPASS"
    Info (12134): Parameter "clock_enable_output_a" = "BYPASS"
    Info (12134): Parameter "intended_device_family" = "Cyclone IV E"
    Info (12134): Parameter "lpm_hint" = "ENABLE_RUNTIME_MOD=NO"
    Info (12134): Parameter "lpm_type" = "altsyncram"
    Info (12134): Parameter "numwords_a" = "8192"
    Info (12134): Parameter "operation_mode" = "SINGLE_PORT"
    Info (12134): Parameter "outdata_aclr_a" = "NONE"
    Info (12134): Parameter "outdata_reg_a" = "UNREGISTERED"
    Info (12134): Parameter "power_up_uninitialized" = "FALSE"
    Info (12134): Parameter "read_during_write_mode_port_a" = "NEW_DATA_NO_NBE_READ"
    Info (12134): Parameter "widthad_a" = "13"
    Info (12134): Parameter "width_a" = "32"
    Info (12134): Parameter "width_byteena_a" = "4"
Info (12021): Found 1 design units, including 1 entities, in source file db/altsyncram_evi1.tdf
    Info (12023): Found entity 1: altsyncram_evi1 File: /home/aheir/Documents/alheir/E5-ERV24/project/db/altsyncram_evi1.tdf Line: 28
Info (12128): Elaborating entity "altsyncram_evi1" for hierarchy "DataMemory:inst3|altsyncram:altsyncram_component|altsyncram_evi1:auto_generated" File: /opt/intelFPGA/23.1/quartus/libraries/megafunctions/altsyncram.tdf Line: 792
Info (12128): Elaborating entity "memory_mutator_IDA" for hierarchy "memory_mutator_IDA:inst"
Info (12128): Elaborating entity "memory_mutator_VUELTA" for hierarchy "memory_mutator_VUELTA:inst2"
Info (10264): Verilog HDL Case Statement information at memory_mutator_VUELTA.v(21): all case item expressions in this case statement are onehot File: /home/aheir/Documents/alheir/E5-ERV24/project/memory_mutator/memory_mutator_VUELTA.v Line: 21
Info (286030): Timing-Driven Synthesis is running
Info (16010): Generating hard_block partition "hard_block:auto_generated_inst"
    Info (16011): Adding 0 node(s), including 0 DDIO, 0 PLL, 0 transceiver and 0 LCELL
Warning (21074): Design contains 19 input pin(s) that do not drive logic
    Warning (15610): No output dependent on input pin "rawaddress[31]"
    Warning (15610): No output dependent on input pin "rawaddress[30]"
    Warning (15610): No output dependent on input pin "rawaddress[29]"
    Warning (15610): No output dependent on input pin "rawaddress[28]"
    Warning (15610): No output dependent on input pin "rawaddress[27]"
    Warning (15610): No output dependent on input pin "rawaddress[26]"
    Warning (15610): No output dependent on input pin "rawaddress[25]"
    Warning (15610): No output dependent on input pin "rawaddress[24]"
    Warning (15610): No output dependent on input pin "rawaddress[23]"
    Warning (15610): No output dependent on input pin "rawaddress[22]"
    Warning (15610): No output dependent on input pin "rawaddress[21]"
    Warning (15610): No output dependent on input pin "rawaddress[20]"
    Warning (15610): No output dependent on input pin "rawaddress[19]"
    Warning (15610): No output dependent on input pin "rawaddress[18]"
    Warning (15610): No output dependent on input pin "rawaddress[17]"
    Warning (15610): No output dependent on input pin "rawaddress[16]"
    Warning (15610): No output dependent on input pin "rawaddress[15]"
    Warning (15610): No output dependent on input pin "rawaddress[14]"
    Warning (15610): No output dependent on input pin "rawaddress[13]"
Info (21057): Implemented 392 device resources after synthesis - the final resource count might be different
    Info (21058): Implemented 70 input pins
    Info (21059): Implemented 64 output pins
    Info (21061): Implemented 226 logic cells
    Info (21064): Implemented 32 RAM segments
Info: Quartus Prime Analysis & Synthesis was successful. 0 errors, 21 warnings
    Info: Peak virtual memory: 437 megabytes
    Info: Processing ended: Sun Jun  9 00:53:59 2024
    Info: Elapsed time: 00:00:11
    Info: Total CPU time (on all processors): 00:00:29


