Flow report for ERV24
Sun Jun  2 20:57:12 2024
Quartus Prime Version 23.1std.0 Build 991 11/28/2023 SC Lite Edition


---------------------
; Table of Contents ;
---------------------
  1. Legal Notice
  2. Flow Summary
  3. Flow Settings
  4. Flow Non-Default Global Settings
  5. Flow Elapsed Time
  6. Flow OS Summary
  7. Flow Log
  8. Flow Messages
  9. Flow Suppressed Messages



----------------
; Legal Notice ;
----------------
Copyright (C) 2023  Intel Corporation. All rights reserved.
Your use of Intel Corporation's design tools, logic functions 
and other software and tools, and any partner logic 
functions, and any output files from any of the foregoing 
(including device programming or simulation files), and any 
associated documentation or information are expressly subject 
to the terms and conditions of the Intel Program License 
Subscription Agreement, the Intel Quartus Prime License Agreement,
the Intel FPGA IP License Agreement, or other applicable license
agreement, including, without limitation, that your use is for
the sole purpose of programming logic devices manufactured by
Intel and sold by Intel or its authorized distributors.  Please
refer to the applicable agreement for further details, at
https://fpgasoftware.intel.com/eula.



+-------------------------------------------------------------------------------------+
; Flow Summary                                                                        ;
+------------------------------------+------------------------------------------------+
; Flow Status                        ; Successful - Sun Jun  2 20:57:12 2024          ;
; Quartus Prime Version              ; 23.1std.0 Build 991 11/28/2023 SC Lite Edition ;
; Revision Name                      ; ERV24                                          ;
; Top-level Entity Name              ; ERV24                                          ;
; Family                             ; Cyclone IV E                                   ;
; Device                             ; EP4CE22F17C6                                   ;
; Timing Models                      ; Final                                          ;
; Total logic elements               ; 2,670 / 22,320 ( 12 % )                        ;
;     Total combinational functions  ; 2,400 / 22,320 ( 11 % )                        ;
;     Dedicated logic registers      ; 1,088 / 22,320 ( 5 % )                         ;
; Total registers                    ; 1088                                           ;
; Total pins                         ; 130 / 154 ( 84 % )                             ;
; Total virtual pins                 ; 0                                              ;
; Total memory bits                  ; 65,536 / 608,256 ( 11 % )                      ;
; Embedded Multiplier 9-bit elements ; 0 / 132 ( 0 % )                                ;
; Total PLLs                         ; 0 / 4 ( 0 % )                                  ;
+------------------------------------+------------------------------------------------+


+-----------------------------------------+
; Flow Settings                           ;
+-------------------+---------------------+
; Option            ; Setting             ;
+-------------------+---------------------+
; Start date & time ; 06/02/2024 20:55:52 ;
; Main task         ; Compilation         ;
; Revision Name     ; ERV24               ;
+-------------------+---------------------+


+--------------------------------------------------------------------------------------------------------------------------------------------------+
; Flow Non-Default Global Settings                                                                                                                 ;
+-------------------------------------+------------------------------------------+---------------+-------------+-----------------------------------+
; Assignment Name                     ; Value                                    ; Default Value ; Entity Name ; Section Id                        ;
+-------------------------------------+------------------------------------------+---------------+-------------+-----------------------------------+
; COMPILER_SIGNATURE_ID               ; 198112243188460.171737255230792          ; --            ; --          ; --                                ;
; EDA_GENERATE_FUNCTIONAL_NETLIST     ; Off                                      ; --            ; --          ; eda_board_design_timing           ;
; EDA_GENERATE_FUNCTIONAL_NETLIST     ; Off                                      ; --            ; --          ; eda_board_design_boundary_scan    ;
; EDA_GENERATE_FUNCTIONAL_NETLIST     ; Off                                      ; --            ; --          ; eda_board_design_signal_integrity ;
; EDA_GENERATE_FUNCTIONAL_NETLIST     ; Off                                      ; --            ; --          ; eda_board_design_symbol           ;
; EDA_OUTPUT_DATA_FORMAT              ; Verilog Hdl                              ; --            ; --          ; eda_simulation                    ;
; EDA_SIMULATION_TOOL                 ; Questa Intel FPGA (Verilog)              ; <None>        ; --          ; --                                ;
; EDA_TIME_SCALE                      ; 1 ps                                     ; --            ; --          ; eda_simulation                    ;
; MAX_CORE_JUNCTION_TEMP              ; 85                                       ; --            ; --          ; --                                ;
; MIN_CORE_JUNCTION_TEMP              ; 0                                        ; --            ; --          ; --                                ;
; MISC_FILE                           ; memory_mapping/MemoryPeriphMux.bsf       ; --            ; --          ; --                                ;
; MISC_FILE                           ; memory_mapping/MemoryPeriphMux_bb.v      ; --            ; --          ; --                                ;
; MISC_FILE                           ; core/CSRCounters.bsf                     ; --            ; --          ; --                                ;
; MISC_FILE                           ; core/CSRCounters_bb.v                    ; --            ; --          ; --                                ;
; MISC_FILE                           ; memory_mapping/GPIO_address_decoder.bsf  ; --            ; --          ; --                                ;
; MISC_FILE                           ; memory_mapping/GPIO_address_decoder_bb.v ; --            ; --          ; --                                ;
; MISC_FILE                           ; memory_mapping/peripheral_addr_dec.bsf   ; --            ; --          ; --                                ;
; MISC_FILE                           ; memory_mapping/peripheral_addr_dec_bb.v  ; --            ; --          ; --                                ;
; MISC_FILE                           ; memory_mapping/peripheral_mux.bsf        ; --            ; --          ; --                                ;
; MISC_FILE                           ; memory_mapping/peripheral_mux_bb.v       ; --            ; --          ; --                                ;
; MISC_FILE                           ; utils/bus_mux.bsf                        ; --            ; --          ; --                                ;
; MISC_FILE                           ; utils/bus_mux_bb.v                       ; --            ; --          ; --                                ;
; NOMINAL_CORE_SUPPLY_VOLTAGE         ; 1.2V                                     ; --            ; --          ; --                                ;
; PARTITION_COLOR                     ; -- (Not supported for targeted family)   ; --            ; --          ; Top                               ;
; PARTITION_FITTER_PRESERVATION_LEVEL ; -- (Not supported for targeted family)   ; --            ; --          ; Top                               ;
; PARTITION_NETLIST_TYPE              ; -- (Not supported for targeted family)   ; --            ; --          ; Top                               ;
; POWER_BOARD_THERMAL_MODEL           ; None (CONSERVATIVE)                      ; --            ; --          ; --                                ;
; POWER_PRESET_COOLING_SOLUTION       ; 23 MM HEAT SINK WITH 200 LFPM AIRFLOW    ; --            ; --          ; --                                ;
; PROJECT_OUTPUT_DIRECTORY            ; output_files                             ; --            ; --          ; --                                ;
; SEARCH_PATH                         ; ../project                               ; --            ; --          ; --                                ;
+-------------------------------------+------------------------------------------+---------------+-------------+-----------------------------------+


+--------------------------------------------------------------------------------------------------------------------------+
; Flow Elapsed Time                                                                                                        ;
+----------------------+--------------+-------------------------+---------------------+------------------------------------+
; Module Name          ; Elapsed Time ; Average Processors Used ; Peak Virtual Memory ; Total CPU Time (on all processors) ;
+----------------------+--------------+-------------------------+---------------------+------------------------------------+
; Analysis & Synthesis ; 00:00:16     ; 1.0                     ; 4929 MB             ; 00:00:26                           ;
; Fitter               ; 00:00:57     ; 1.1                     ; 6557 MB             ; 00:01:22                           ;
; Assembler            ; 00:00:01     ; 1.0                     ; 4711 MB             ; 00:00:01                           ;
; Timing Analyzer      ; 00:00:03     ; 2.0                     ; 4980 MB             ; 00:00:04                           ;
; EDA Netlist Writer   ; 00:00:00     ; 1.0                     ; 4647 MB             ; 00:00:01                           ;
; Total                ; 00:01:17     ; --                      ; --                  ; 00:01:54                           ;
+----------------------+--------------+-------------------------+---------------------+------------------------------------+


+------------------------------------------------------------------------------------+
; Flow OS Summary                                                                    ;
+----------------------+------------------+------------+------------+----------------+
; Module Name          ; Machine Hostname ; OS Name    ; OS Version ; Processor type ;
+----------------------+------------------+------------+------------+----------------+
; Analysis & Synthesis ; DESKTOP-Q7FB11T  ; Windows 10 ; 10.0       ; x86_64         ;
; Fitter               ; DESKTOP-Q7FB11T  ; Windows 10 ; 10.0       ; x86_64         ;
; Assembler            ; DESKTOP-Q7FB11T  ; Windows 10 ; 10.0       ; x86_64         ;
; Timing Analyzer      ; DESKTOP-Q7FB11T  ; Windows 10 ; 10.0       ; x86_64         ;
; EDA Netlist Writer   ; DESKTOP-Q7FB11T  ; Windows 10 ; 10.0       ; x86_64         ;
+----------------------+------------------+------------+------------+----------------+


------------
; Flow Log ;
------------
quartus_map --read_settings_files=on --write_settings_files=off ERV24 -c ERV24
quartus_fit --read_settings_files=off --write_settings_files=off ERV24 -c ERV24
quartus_asm --read_settings_files=off --write_settings_files=off ERV24 -c ERV24
quartus_sta ERV24 -c ERV24
quartus_eda --read_settings_files=off --write_settings_files=off ERV24 -c ERV24



